--------------- Clean Started: 03/07/2014 00:27:32 Project: seesaw_arm, Configuration: DP8051 Keil 9.51 Debug ---------------
Deleting file ".\DP8051\DP8051_Keil_951\Debug\main.obj"
Deleting file ".\DP8051\DP8051_Keil_951\Debug\cyfitter_cfg.obj"
Deleting file ".\DP8051\DP8051_Keil_951\Debug\PWM_1.obj"
Deleting file ".\DP8051\DP8051_Keil_951\Debug\PWM_1_PM.obj"
Deleting file ".\DP8051\DP8051_Keil_951\Debug\Clock_1.obj"
Deleting file ".\DP8051\DP8051_Keil_951\Debug\UP.obj"
Deleting file ".\DP8051\DP8051_Keil_951\Debug\DOWN.obj"
Deleting file ".\DP8051\DP8051_Keil_951\Debug\UP_LIMIT.obj"
Deleting file ".\DP8051\DP8051_Keil_951\Debug\DOWN_LIMIT.obj"
Deleting file ".\DP8051\DP8051_Keil_951\Debug\CyBootAsmKeil.obj"
Deleting file ".\DP8051\DP8051_Keil_951\Debug\CyDmac.obj"
Deleting file ".\DP8051\DP8051_Keil_951\Debug\CyFlash.obj"
Deleting file ".\DP8051\DP8051_Keil_951\Debug\CyLib.obj"
Deleting file ".\DP8051\DP8051_Keil_951\Debug\cymem.obj"
Deleting file ".\DP8051\DP8051_Keil_951\Debug\cyPm.obj"
Deleting file ".\DP8051\DP8051_Keil_951\Debug\CySpc.obj"
Deleting file ".\DP8051\DP8051_Keil_951\Debug\cyutils.obj"
Deleting file ".\DP8051\DP8051_Keil_951\Debug\KeilStart.obj"
Deleting file ".\DP8051\DP8051_Keil_951\Debug\PWM_2.obj"
Deleting file ".\DP8051\DP8051_Keil_951\Debug\PWM_2_PM.obj"
Deleting file ".\DP8051\DP8051_Keil_951\Debug\Clock_2.obj"
Deleting file ".\DP8051\DP8051_Keil_951\Debug\FRONT.obj"
Deleting file ".\DP8051\DP8051_Keil_951\Debug\BACK.obj"
Deleting file ".\DP8051\DP8051_Keil_951\Debug\FRONT_LIMIT_1.obj"
Deleting file ".\DP8051\DP8051_Keil_951\Debug\BACK_LIMIT_1.obj"
Deleting file ".\DP8051\DP8051_Keil_951\Debug\seesaw_arm.hex"
Deleting file ".\DP8051\DP8051_Keil_951\Debug\seesaw_arm.elf"
Deleting file ".\DP8051\DP8051_Keil_951\Debug\seesaw_arm.map"
Deleting file ".\seesaw_arm.cycdx"
Deleting file ".\seesaw_arm.svd"
Deleting file ".\seesaw_arm.rpt"
Deleting file ".\seesaw_arm_timing.html"
Deleting file ".\DP8051\DP8051_Keil_951\Debug\.deps\C_FILE.P"
Deleting file ".\DP8051\DP8051_Keil_951\Debug\.deps\DP8051_C_FILE.P"
Deleting file ".\DP8051\DP8051_Keil_951\Debug\.deps\KEIL_8051_ASM_FILE.P"
--------------- Clean Succeeded: 03/07/2014 00:27:32 ---------------
